{"/Users/steve/src/image-factory/spec/tests.spec.js":{"path":"/Users/steve/src/image-factory/spec/tests.spec.js","s":{"1":1,"2":1,"3":1,"4":1,"5":1,"6":1,"7":1,"8":1,"9":1,"10":1,"11":1,"12":1,"13":1,"14":1,"15":1,"16":1,"17":1,"18":1,"19":1,"20":1,"21":1,"22":1,"23":1,"24":1,"25":1,"26":1,"27":1,"28":1,"29":1,"30":1,"31":1,"32":1,"33":1,"34":1,"35":1,"36":1,"37":1,"38":1,"39":1,"40":1,"41":1,"42":1,"43":1,"44":1,"45":1,"46":1,"47":1,"48":1,"49":1,"50":1,"51":1,"52":1,"53":1,"54":1,"55":1,"56":1,"57":1,"58":1,"59":1,"60":1,"61":1,"62":1,"63":1,"64":1,"65":1,"66":1,"67":1,"68":1,"69":1,"70":1,"71":1,"72":1,"73":1,"74":1,"75":1,"76":1,"77":1,"78":1,"79":1,"80":1,"81":1,"82":1,"83":1,"84":1,"85":1,"86":1,"87":1,"88":1,"89":14,"90":14,"91":94,"92":10,"93":14,"94":1,"95":1,"96":1,"97":1,"98":1,"99":1,"100":1,"101":1,"102":1,"103":1,"104":1,"105":1,"106":1,"107":1,"108":1,"109":1,"110":1,"111":1,"112":1,"113":1,"114":1,"115":1,"116":1,"117":1,"118":1,"119":1,"120":1,"121":1,"122":1,"123":1,"124":1,"125":1,"126":1,"127":1,"128":1,"129":1,"130":1,"131":1,"132":1,"133":1,"134":1,"135":1,"136":1,"137":1,"138":1,"139":1,"140":1,"141":1,"142":1,"143":1,"144":1,"145":1,"146":1,"147":1,"148":1,"149":1,"150":1,"151":1,"152":1,"153":1,"154":1,"155":1,"156":1,"157":1,"158":1,"159":1,"160":1,"161":1,"162":1,"163":1,"164":1,"165":1,"166":1,"167":1,"168":1,"169":1,"170":1,"171":1,"172":1,"173":1,"174":1,"175":1,"176":1,"177":1,"178":1,"179":1,"180":1,"181":1,"182":1,"183":1,"184":1,"185":1,"186":1,"187":1,"188":1,"189":1,"190":1,"191":1,"192":1,"193":1,"194":1,"195":1,"196":1,"197":1,"198":1,"199":1,"200":1,"201":1,"202":1,"203":1,"204":1,"205":1,"206":1,"207":1,"208":1,"209":1,"210":1,"211":1,"212":1,"213":1,"214":1,"215":1,"216":1,"217":1,"218":1,"219":1,"220":1,"221":1,"222":1,"223":1,"224":1,"225":1,"226":1,"227":1,"228":1,"229":1,"230":1,"231":1,"232":1,"233":1,"234":1,"235":1,"236":1,"237":1},"b":{"1":[10,84],"2":[94,38]},"f":{"1":1,"2":1,"3":1,"4":1,"5":1,"6":1,"7":1,"8":1,"9":1,"10":1,"11":1,"12":1,"13":1,"14":1,"15":1,"16":1,"17":1,"18":1,"19":1,"20":1,"21":1,"22":1,"23":1,"24":1,"25":1,"26":1,"27":1,"28":1,"29":14,"30":14,"31":1,"32":1,"33":1,"34":1,"35":1,"36":1,"37":1,"38":1,"39":1,"40":1,"41":1,"42":1,"43":1,"44":1,"45":1,"46":1,"47":1,"48":1,"49":1,"50":1,"51":1,"52":1,"53":1,"54":1,"55":1,"56":1,"57":1,"58":1,"59":1,"60":1,"61":1,"62":1,"63":1,"64":1,"65":1,"66":1,"67":1,"68":1,"69":1,"70":1},"fnMap":{"1":{"name":"(anonymous_1)","line":6,"loc":{"start":{"line":6,"column":53},"end":{"line":6,"column":65}}},"2":{"name":"(anonymous_2)","line":9,"loc":{"start":{"line":9,"column":17},"end":{"line":9,"column":29}}},"3":{"name":"(anonymous_3)","line":16,"loc":{"start":{"line":16,"column":20},"end":{"line":16,"column":32}}},"4":{"name":"(anonymous_4)","line":25,"loc":{"start":{"line":25,"column":56},"end":{"line":25,"column":68}}},"5":{"name":"(anonymous_5)","line":34,"loc":{"start":{"line":34,"column":30},"end":{"line":34,"column":42}}},"6":{"name":"(anonymous_6)","line":39,"loc":{"start":{"line":39,"column":45},"end":{"line":39,"column":57}}},"7":{"name":"(anonymous_7)","line":44,"loc":{"start":{"line":44,"column":47},"end":{"line":44,"column":59}}},"8":{"name":"(anonymous_8)","line":49,"loc":{"start":{"line":49,"column":33},"end":{"line":49,"column":45}}},"9":{"name":"(anonymous_9)","line":55,"loc":{"start":{"line":55,"column":48},"end":{"line":55,"column":60}}},"10":{"name":"(anonymous_10)","line":61,"loc":{"start":{"line":61,"column":50},"end":{"line":61,"column":62}}},"11":{"name":"(anonymous_11)","line":67,"loc":{"start":{"line":67,"column":36},"end":{"line":67,"column":48}}},"12":{"name":"(anonymous_12)","line":75,"loc":{"start":{"line":75,"column":62},"end":{"line":75,"column":74}}},"13":{"name":"(anonymous_13)","line":78,"loc":{"start":{"line":78,"column":27},"end":{"line":78,"column":39}}},"14":{"name":"(anonymous_14)","line":83,"loc":{"start":{"line":83,"column":28},"end":{"line":83,"column":40}}},"15":{"name":"(anonymous_15)","line":89,"loc":{"start":{"line":89,"column":39},"end":{"line":89,"column":51}}},"16":{"name":"(anonymous_16)","line":94,"loc":{"start":{"line":94,"column":50},"end":{"line":94,"column":62}}},"17":{"name":"(anonymous_17)","line":99,"loc":{"start":{"line":99,"column":40},"end":{"line":99,"column":52}}},"18":{"name":"(anonymous_18)","line":104,"loc":{"start":{"line":104,"column":51},"end":{"line":104,"column":63}}},"19":{"name":"(anonymous_19)","line":109,"loc":{"start":{"line":109,"column":41},"end":{"line":109,"column":53}}},"20":{"name":"(anonymous_20)","line":114,"loc":{"start":{"line":114,"column":52},"end":{"line":114,"column":64}}},"21":{"name":"(anonymous_21)","line":119,"loc":{"start":{"line":119,"column":40},"end":{"line":119,"column":52}}},"22":{"name":"(anonymous_22)","line":124,"loc":{"start":{"line":124,"column":51},"end":{"line":124,"column":63}}},"23":{"name":"(anonymous_23)","line":131,"loc":{"start":{"line":131,"column":66},"end":{"line":131,"column":78}}},"24":{"name":"(anonymous_24)","line":134,"loc":{"start":{"line":134,"column":36},"end":{"line":134,"column":48}}},"25":{"name":"(anonymous_25)","line":139,"loc":{"start":{"line":139,"column":41},"end":{"line":139,"column":53}}},"26":{"name":"(anonymous_26)","line":144,"loc":{"start":{"line":144,"column":29},"end":{"line":144,"column":41}}},"27":{"name":"(anonymous_27)","line":146,"loc":{"start":{"line":146,"column":42},"end":{"line":146,"column":54}}},"28":{"name":"(anonymous_28)","line":151,"loc":{"start":{"line":151,"column":52},"end":{"line":151,"column":64}}},"29":{"name":"(anonymous_29)","line":155,"loc":{"start":{"line":155,"column":12},"end":{"line":155,"column":28}}},"30":{"name":"(anonymous_30)","line":157,"loc":{"start":{"line":157,"column":25},"end":{"line":157,"column":47}}},"31":{"name":"(anonymous_31)","line":171,"loc":{"start":{"line":171,"column":51},"end":{"line":171,"column":67}}},"32":{"name":"(anonymous_32)","line":175,"loc":{"start":{"line":175,"column":61},"end":{"line":175,"column":94}}},"33":{"name":"(anonymous_33)","line":180,"loc":{"start":{"line":180,"column":39},"end":{"line":180,"column":61}}},"34":{"name":"(anonymous_34)","line":188,"loc":{"start":{"line":188,"column":68},"end":{"line":188,"column":84}}},"35":{"name":"(anonymous_35)","line":192,"loc":{"start":{"line":192,"column":65},"end":{"line":192,"column":98}}},"36":{"name":"(anonymous_36)","line":200,"loc":{"start":{"line":200,"column":95},"end":{"line":200,"column":111}}},"37":{"name":"(anonymous_37)","line":204,"loc":{"start":{"line":204,"column":79},"end":{"line":204,"column":112}}},"38":{"name":"(anonymous_38)","line":213,"loc":{"start":{"line":213,"column":71},"end":{"line":213,"column":87}}},"39":{"name":"(anonymous_39)","line":217,"loc":{"start":{"line":217,"column":71},"end":{"line":217,"column":86}}},"40":{"name":"(anonymous_40)","line":223,"loc":{"start":{"line":223,"column":49},"end":{"line":223,"column":65}}},"41":{"name":"(anonymous_41)","line":227,"loc":{"start":{"line":227,"column":94},"end":{"line":227,"column":127}}},"42":{"name":"(anonymous_42)","line":232,"loc":{"start":{"line":232,"column":39},"end":{"line":232,"column":61}}},"43":{"name":"(anonymous_43)","line":236,"loc":{"start":{"line":236,"column":42},"end":{"line":236,"column":64}}},"44":{"name":"(anonymous_44)","line":246,"loc":{"start":{"line":246,"column":83},"end":{"line":246,"column":99}}},"45":{"name":"(anonymous_45)","line":250,"loc":{"start":{"line":250,"column":61},"end":{"line":250,"column":94}}},"46":{"name":"(anonymous_46)","line":255,"loc":{"start":{"line":255,"column":39},"end":{"line":255,"column":61}}},"47":{"name":"(anonymous_47)","line":264,"loc":{"start":{"line":264,"column":83},"end":{"line":264,"column":99}}},"48":{"name":"(anonymous_48)","line":268,"loc":{"start":{"line":268,"column":61},"end":{"line":268,"column":94}}},"49":{"name":"(anonymous_49)","line":273,"loc":{"start":{"line":273,"column":39},"end":{"line":273,"column":61}}},"50":{"name":"(anonymous_50)","line":282,"loc":{"start":{"line":282,"column":83},"end":{"line":282,"column":99}}},"51":{"name":"(anonymous_51)","line":286,"loc":{"start":{"line":286,"column":61},"end":{"line":286,"column":94}}},"52":{"name":"(anonymous_52)","line":291,"loc":{"start":{"line":291,"column":39},"end":{"line":291,"column":61}}},"53":{"name":"(anonymous_53)","line":299,"loc":{"start":{"line":299,"column":84},"end":{"line":299,"column":100}}},"54":{"name":"(anonymous_54)","line":303,"loc":{"start":{"line":303,"column":61},"end":{"line":303,"column":94}}},"55":{"name":"(anonymous_55)","line":308,"loc":{"start":{"line":308,"column":39},"end":{"line":308,"column":61}}},"56":{"name":"(anonymous_56)","line":316,"loc":{"start":{"line":316,"column":103},"end":{"line":316,"column":119}}},"57":{"name":"(anonymous_57)","line":320,"loc":{"start":{"line":320,"column":61},"end":{"line":320,"column":94}}},"58":{"name":"(anonymous_58)","line":325,"loc":{"start":{"line":325,"column":39},"end":{"line":325,"column":54}}},"59":{"name":"(anonymous_59)","line":332,"loc":{"start":{"line":332,"column":104},"end":{"line":332,"column":120}}},"60":{"name":"(anonymous_60)","line":336,"loc":{"start":{"line":336,"column":61},"end":{"line":336,"column":94}}},"61":{"name":"(anonymous_61)","line":341,"loc":{"start":{"line":341,"column":39},"end":{"line":341,"column":54}}},"62":{"name":"(anonymous_62)","line":348,"loc":{"start":{"line":348,"column":71},"end":{"line":348,"column":87}}},"63":{"name":"(anonymous_63)","line":352,"loc":{"start":{"line":352,"column":61},"end":{"line":352,"column":94}}},"64":{"name":"(anonymous_64)","line":357,"loc":{"start":{"line":357,"column":39},"end":{"line":357,"column":61}}},"65":{"name":"(anonymous_65)","line":365,"loc":{"start":{"line":365,"column":101},"end":{"line":365,"column":117}}},"66":{"name":"(anonymous_66)","line":369,"loc":{"start":{"line":369,"column":78},"end":{"line":369,"column":111}}},"67":{"name":"(anonymous_67)","line":374,"loc":{"start":{"line":374,"column":39},"end":{"line":374,"column":61}}},"68":{"name":"(anonymous_68)","line":382,"loc":{"start":{"line":382,"column":98},"end":{"line":382,"column":114}}},"69":{"name":"(anonymous_69)","line":386,"loc":{"start":{"line":386,"column":86},"end":{"line":386,"column":119}}},"70":{"name":"(anonymous_70)","line":391,"loc":{"start":{"line":391,"column":39},"end":{"line":391,"column":61}}}},"statementMap":{"1":{"start":{"line":1,"column":0},"end":{"line":1,"column":39}},"2":{"start":{"line":2,"column":0},"end":{"line":2,"column":23}},"3":{"start":{"line":6,"column":0},"end":{"line":22,"column":3}},"4":{"start":{"line":9,"column":2},"end":{"line":14,"column":5}},"5":{"start":{"line":10,"column":4},"end":{"line":10,"column":37}},"6":{"start":{"line":11,"column":4},"end":{"line":11,"column":42}},"7":{"start":{"line":12,"column":4},"end":{"line":12,"column":45}},"8":{"start":{"line":13,"column":4},"end":{"line":13,"column":34}},"9":{"start":{"line":16,"column":2},"end":{"line":21,"column":5}},"10":{"start":{"line":17,"column":4},"end":{"line":17,"column":33}},"11":{"start":{"line":18,"column":4},"end":{"line":18,"column":42}},"12":{"start":{"line":19,"column":4},"end":{"line":19,"column":45}},"13":{"start":{"line":20,"column":4},"end":{"line":20,"column":34}},"14":{"start":{"line":25,"column":0},"end":{"line":72,"column":3}},"15":{"start":{"line":28,"column":2},"end":{"line":28,"column":106}},"16":{"start":{"line":29,"column":2},"end":{"line":29,"column":107}},"17":{"start":{"line":30,"column":2},"end":{"line":30,"column":134}},"18":{"start":{"line":31,"column":2},"end":{"line":32,"column":133}},"19":{"start":{"line":34,"column":2},"end":{"line":37,"column":5}},"20":{"start":{"line":35,"column":4},"end":{"line":35,"column":46}},"21":{"start":{"line":36,"column":4},"end":{"line":36,"column":50}},"22":{"start":{"line":39,"column":2},"end":{"line":42,"column":5}},"23":{"start":{"line":40,"column":4},"end":{"line":40,"column":48}},"24":{"start":{"line":41,"column":4},"end":{"line":41,"column":50}},"25":{"start":{"line":44,"column":2},"end":{"line":47,"column":5}},"26":{"start":{"line":45,"column":4},"end":{"line":45,"column":54}},"27":{"start":{"line":46,"column":4},"end":{"line":46,"column":50}},"28":{"start":{"line":49,"column":2},"end":{"line":53,"column":5}},"29":{"start":{"line":50,"column":4},"end":{"line":50,"column":37}},"30":{"start":{"line":51,"column":4},"end":{"line":51,"column":27}},"31":{"start":{"line":52,"column":4},"end":{"line":52,"column":50}},"32":{"start":{"line":55,"column":2},"end":{"line":59,"column":5}},"33":{"start":{"line":56,"column":4},"end":{"line":56,"column":37}},"34":{"start":{"line":57,"column":4},"end":{"line":57,"column":29}},"35":{"start":{"line":58,"column":4},"end":{"line":58,"column":50}},"36":{"start":{"line":61,"column":2},"end":{"line":65,"column":5}},"37":{"start":{"line":62,"column":4},"end":{"line":62,"column":37}},"38":{"start":{"line":63,"column":4},"end":{"line":63,"column":35}},"39":{"start":{"line":64,"column":4},"end":{"line":64,"column":50}},"40":{"start":{"line":67,"column":2},"end":{"line":71,"column":5}},"41":{"start":{"line":68,"column":4},"end":{"line":68,"column":46}},"42":{"start":{"line":69,"column":4},"end":{"line":69,"column":22}},"43":{"start":{"line":70,"column":4},"end":{"line":70,"column":50}},"44":{"start":{"line":75,"column":0},"end":{"line":128,"column":3}},"45":{"start":{"line":78,"column":2},"end":{"line":81,"column":5}},"46":{"start":{"line":79,"column":4},"end":{"line":79,"column":35}},"47":{"start":{"line":80,"column":4},"end":{"line":80,"column":34}},"48":{"start":{"line":83,"column":2},"end":{"line":87,"column":5}},"49":{"start":{"line":84,"column":4},"end":{"line":84,"column":33}},"50":{"start":{"line":85,"column":4},"end":{"line":85,"column":18}},"51":{"start":{"line":86,"column":4},"end":{"line":86,"column":34}},"52":{"start":{"line":89,"column":2},"end":{"line":92,"column":5}},"53":{"start":{"line":90,"column":4},"end":{"line":90,"column":54}},"54":{"start":{"line":91,"column":4},"end":{"line":91,"column":34}},"55":{"start":{"line":94,"column":2},"end":{"line":97,"column":5}},"56":{"start":{"line":95,"column":4},"end":{"line":95,"column":45}},"57":{"start":{"line":96,"column":4},"end":{"line":96,"column":34}},"58":{"start":{"line":99,"column":2},"end":{"line":102,"column":5}},"59":{"start":{"line":100,"column":4},"end":{"line":100,"column":52}},"60":{"start":{"line":101,"column":4},"end":{"line":101,"column":34}},"61":{"start":{"line":104,"column":2},"end":{"line":107,"column":5}},"62":{"start":{"line":105,"column":4},"end":{"line":105,"column":63}},"63":{"start":{"line":106,"column":4},"end":{"line":106,"column":34}},"64":{"start":{"line":109,"column":2},"end":{"line":112,"column":5}},"65":{"start":{"line":110,"column":4},"end":{"line":110,"column":67}},"66":{"start":{"line":111,"column":4},"end":{"line":111,"column":34}},"67":{"start":{"line":114,"column":2},"end":{"line":117,"column":5}},"68":{"start":{"line":115,"column":4},"end":{"line":115,"column":82}},"69":{"start":{"line":116,"column":4},"end":{"line":116,"column":34}},"70":{"start":{"line":119,"column":2},"end":{"line":122,"column":5}},"71":{"start":{"line":120,"column":4},"end":{"line":120,"column":80}},"72":{"start":{"line":121,"column":4},"end":{"line":121,"column":34}},"73":{"start":{"line":124,"column":2},"end":{"line":127,"column":5}},"74":{"start":{"line":125,"column":4},"end":{"line":125,"column":94}},"75":{"start":{"line":126,"column":4},"end":{"line":126,"column":34}},"76":{"start":{"line":131,"column":0},"end":{"line":148,"column":3}},"77":{"start":{"line":134,"column":2},"end":{"line":137,"column":5}},"78":{"start":{"line":135,"column":4},"end":{"line":135,"column":33}},"79":{"start":{"line":136,"column":4},"end":{"line":136,"column":46}},"80":{"start":{"line":139,"column":2},"end":{"line":142,"column":5}},"81":{"start":{"line":140,"column":4},"end":{"line":140,"column":33}},"82":{"start":{"line":141,"column":4},"end":{"line":141,"column":71}},"83":{"start":{"line":144,"column":2},"end":{"line":147,"column":5}},"84":{"start":{"line":145,"column":4},"end":{"line":145,"column":33}},"85":{"start":{"line":146,"column":4},"end":{"line":146,"column":75}},"86":{"start":{"line":151,"column":0},"end":{"line":398,"column":3}},"87":{"start":{"line":153,"column":2},"end":{"line":153,"column":47}},"88":{"start":{"line":155,"column":2},"end":{"line":168,"column":5}},"89":{"start":{"line":157,"column":4},"end":{"line":167,"column":7}},"90":{"start":{"line":159,"column":6},"end":{"line":164,"column":7}},"91":{"start":{"line":160,"column":8},"end":{"line":163,"column":9}},"92":{"start":{"line":162,"column":10},"end":{"line":162,"column":46}},"93":{"start":{"line":166,"column":6},"end":{"line":166,"column":13}},"94":{"start":{"line":171,"column":2},"end":{"line":186,"column":5}},"95":{"start":{"line":172,"column":4},"end":{"line":172,"column":92}},"96":{"start":{"line":173,"column":4},"end":{"line":173,"column":34}},"97":{"start":{"line":175,"column":4},"end":{"line":185,"column":7}},"98":{"start":{"line":176,"column":6},"end":{"line":176,"column":29}},"99":{"start":{"line":177,"column":6},"end":{"line":177,"column":36}},"100":{"start":{"line":178,"column":6},"end":{"line":178,"column":38}},"101":{"start":{"line":180,"column":6},"end":{"line":184,"column":9}},"102":{"start":{"line":181,"column":8},"end":{"line":181,"column":31}},"103":{"start":{"line":182,"column":8},"end":{"line":182,"column":42}},"104":{"start":{"line":183,"column":8},"end":{"line":183,"column":15}},"105":{"start":{"line":188,"column":2},"end":{"line":198,"column":5}},"106":{"start":{"line":189,"column":4},"end":{"line":189,"column":92}},"107":{"start":{"line":190,"column":4},"end":{"line":190,"column":34}},"108":{"start":{"line":192,"column":4},"end":{"line":197,"column":7}},"109":{"start":{"line":193,"column":6},"end":{"line":193,"column":29}},"110":{"start":{"line":194,"column":6},"end":{"line":194,"column":36}},"111":{"start":{"line":195,"column":6},"end":{"line":195,"column":38}},"112":{"start":{"line":196,"column":6},"end":{"line":196,"column":13}},"113":{"start":{"line":200,"column":2},"end":{"line":210,"column":5}},"114":{"start":{"line":201,"column":4},"end":{"line":201,"column":92}},"115":{"start":{"line":202,"column":4},"end":{"line":202,"column":34}},"116":{"start":{"line":204,"column":4},"end":{"line":209,"column":7}},"117":{"start":{"line":205,"column":6},"end":{"line":205,"column":29}},"118":{"start":{"line":206,"column":6},"end":{"line":206,"column":36}},"119":{"start":{"line":207,"column":6},"end":{"line":207,"column":38}},"120":{"start":{"line":208,"column":6},"end":{"line":208,"column":13}},"121":{"start":{"line":213,"column":2},"end":{"line":221,"column":5}},"122":{"start":{"line":214,"column":4},"end":{"line":214,"column":92}},"123":{"start":{"line":215,"column":4},"end":{"line":215,"column":34}},"124":{"start":{"line":217,"column":4},"end":{"line":220,"column":7}},"125":{"start":{"line":218,"column":6},"end":{"line":218,"column":33}},"126":{"start":{"line":219,"column":6},"end":{"line":219,"column":13}},"127":{"start":{"line":223,"column":2},"end":{"line":243,"column":5}},"128":{"start":{"line":224,"column":4},"end":{"line":224,"column":92}},"129":{"start":{"line":225,"column":4},"end":{"line":225,"column":34}},"130":{"start":{"line":227,"column":4},"end":{"line":242,"column":7}},"131":{"start":{"line":228,"column":6},"end":{"line":228,"column":29}},"132":{"start":{"line":229,"column":6},"end":{"line":229,"column":36}},"133":{"start":{"line":230,"column":6},"end":{"line":230,"column":38}},"134":{"start":{"line":232,"column":6},"end":{"line":241,"column":9}},"135":{"start":{"line":233,"column":8},"end":{"line":233,"column":31}},"136":{"start":{"line":234,"column":8},"end":{"line":234,"column":42}},"137":{"start":{"line":236,"column":8},"end":{"line":240,"column":11}},"138":{"start":{"line":237,"column":10},"end":{"line":237,"column":33}},"139":{"start":{"line":238,"column":10},"end":{"line":238,"column":44}},"140":{"start":{"line":239,"column":10},"end":{"line":239,"column":17}},"141":{"start":{"line":246,"column":2},"end":{"line":261,"column":5}},"142":{"start":{"line":247,"column":4},"end":{"line":247,"column":93}},"143":{"start":{"line":248,"column":4},"end":{"line":248,"column":34}},"144":{"start":{"line":250,"column":4},"end":{"line":260,"column":7}},"145":{"start":{"line":251,"column":6},"end":{"line":251,"column":29}},"146":{"start":{"line":252,"column":6},"end":{"line":252,"column":36}},"147":{"start":{"line":253,"column":6},"end":{"line":253,"column":38}},"148":{"start":{"line":255,"column":6},"end":{"line":259,"column":9}},"149":{"start":{"line":256,"column":8},"end":{"line":256,"column":31}},"150":{"start":{"line":257,"column":8},"end":{"line":257,"column":42}},"151":{"start":{"line":258,"column":8},"end":{"line":258,"column":15}},"152":{"start":{"line":264,"column":2},"end":{"line":279,"column":5}},"153":{"start":{"line":265,"column":4},"end":{"line":265,"column":93}},"154":{"start":{"line":266,"column":4},"end":{"line":266,"column":34}},"155":{"start":{"line":268,"column":4},"end":{"line":278,"column":7}},"156":{"start":{"line":269,"column":6},"end":{"line":269,"column":29}},"157":{"start":{"line":270,"column":6},"end":{"line":270,"column":36}},"158":{"start":{"line":271,"column":6},"end":{"line":271,"column":38}},"159":{"start":{"line":273,"column":6},"end":{"line":277,"column":9}},"160":{"start":{"line":274,"column":8},"end":{"line":274,"column":31}},"161":{"start":{"line":275,"column":8},"end":{"line":275,"column":42}},"162":{"start":{"line":276,"column":8},"end":{"line":276,"column":15}},"163":{"start":{"line":282,"column":2},"end":{"line":297,"column":5}},"164":{"start":{"line":283,"column":4},"end":{"line":283,"column":94}},"165":{"start":{"line":284,"column":4},"end":{"line":284,"column":34}},"166":{"start":{"line":286,"column":4},"end":{"line":296,"column":7}},"167":{"start":{"line":287,"column":6},"end":{"line":287,"column":29}},"168":{"start":{"line":288,"column":6},"end":{"line":288,"column":36}},"169":{"start":{"line":289,"column":6},"end":{"line":289,"column":38}},"170":{"start":{"line":291,"column":6},"end":{"line":295,"column":9}},"171":{"start":{"line":292,"column":8},"end":{"line":292,"column":31}},"172":{"start":{"line":293,"column":8},"end":{"line":293,"column":42}},"173":{"start":{"line":294,"column":8},"end":{"line":294,"column":15}},"174":{"start":{"line":299,"column":2},"end":{"line":314,"column":5}},"175":{"start":{"line":300,"column":4},"end":{"line":300,"column":94}},"176":{"start":{"line":301,"column":4},"end":{"line":301,"column":34}},"177":{"start":{"line":303,"column":4},"end":{"line":313,"column":7}},"178":{"start":{"line":304,"column":6},"end":{"line":304,"column":29}},"179":{"start":{"line":305,"column":6},"end":{"line":305,"column":36}},"180":{"start":{"line":306,"column":6},"end":{"line":306,"column":38}},"181":{"start":{"line":308,"column":6},"end":{"line":312,"column":9}},"182":{"start":{"line":309,"column":8},"end":{"line":309,"column":31}},"183":{"start":{"line":310,"column":8},"end":{"line":310,"column":42}},"184":{"start":{"line":311,"column":8},"end":{"line":311,"column":15}},"185":{"start":{"line":316,"column":2},"end":{"line":330,"column":5}},"186":{"start":{"line":317,"column":4},"end":{"line":317,"column":108}},"187":{"start":{"line":318,"column":4},"end":{"line":318,"column":34}},"188":{"start":{"line":320,"column":4},"end":{"line":329,"column":7}},"189":{"start":{"line":321,"column":6},"end":{"line":321,"column":29}},"190":{"start":{"line":322,"column":6},"end":{"line":322,"column":36}},"191":{"start":{"line":323,"column":6},"end":{"line":323,"column":38}},"192":{"start":{"line":325,"column":6},"end":{"line":328,"column":9}},"193":{"start":{"line":326,"column":8},"end":{"line":326,"column":35}},"194":{"start":{"line":327,"column":8},"end":{"line":327,"column":15}},"195":{"start":{"line":332,"column":2},"end":{"line":346,"column":5}},"196":{"start":{"line":333,"column":4},"end":{"line":333,"column":108}},"197":{"start":{"line":334,"column":4},"end":{"line":334,"column":34}},"198":{"start":{"line":336,"column":4},"end":{"line":345,"column":7}},"199":{"start":{"line":337,"column":6},"end":{"line":337,"column":29}},"200":{"start":{"line":338,"column":6},"end":{"line":338,"column":36}},"201":{"start":{"line":339,"column":6},"end":{"line":339,"column":38}},"202":{"start":{"line":341,"column":6},"end":{"line":344,"column":9}},"203":{"start":{"line":342,"column":8},"end":{"line":342,"column":35}},"204":{"start":{"line":343,"column":8},"end":{"line":343,"column":15}},"205":{"start":{"line":348,"column":2},"end":{"line":363,"column":5}},"206":{"start":{"line":349,"column":4},"end":{"line":349,"column":104}},"207":{"start":{"line":350,"column":4},"end":{"line":350,"column":34}},"208":{"start":{"line":352,"column":4},"end":{"line":362,"column":7}},"209":{"start":{"line":353,"column":6},"end":{"line":353,"column":29}},"210":{"start":{"line":354,"column":6},"end":{"line":354,"column":36}},"211":{"start":{"line":355,"column":6},"end":{"line":355,"column":38}},"212":{"start":{"line":357,"column":6},"end":{"line":361,"column":9}},"213":{"start":{"line":358,"column":8},"end":{"line":358,"column":31}},"214":{"start":{"line":359,"column":8},"end":{"line":359,"column":42}},"215":{"start":{"line":360,"column":8},"end":{"line":360,"column":15}},"216":{"start":{"line":365,"column":2},"end":{"line":380,"column":5}},"217":{"start":{"line":366,"column":4},"end":{"line":366,"column":104}},"218":{"start":{"line":367,"column":4},"end":{"line":367,"column":34}},"219":{"start":{"line":369,"column":4},"end":{"line":379,"column":7}},"220":{"start":{"line":370,"column":6},"end":{"line":370,"column":29}},"221":{"start":{"line":371,"column":6},"end":{"line":371,"column":36}},"222":{"start":{"line":372,"column":6},"end":{"line":372,"column":38}},"223":{"start":{"line":374,"column":6},"end":{"line":378,"column":9}},"224":{"start":{"line":375,"column":8},"end":{"line":375,"column":31}},"225":{"start":{"line":376,"column":8},"end":{"line":376,"column":42}},"226":{"start":{"line":377,"column":8},"end":{"line":377,"column":15}},"227":{"start":{"line":382,"column":2},"end":{"line":397,"column":5}},"228":{"start":{"line":383,"column":4},"end":{"line":383,"column":104}},"229":{"start":{"line":384,"column":4},"end":{"line":384,"column":34}},"230":{"start":{"line":386,"column":4},"end":{"line":396,"column":7}},"231":{"start":{"line":387,"column":6},"end":{"line":387,"column":29}},"232":{"start":{"line":388,"column":6},"end":{"line":388,"column":36}},"233":{"start":{"line":389,"column":6},"end":{"line":389,"column":38}},"234":{"start":{"line":391,"column":6},"end":{"line":395,"column":9}},"235":{"start":{"line":392,"column":8},"end":{"line":392,"column":31}},"236":{"start":{"line":393,"column":8},"end":{"line":393,"column":42}},"237":{"start":{"line":394,"column":8},"end":{"line":394,"column":15}}},"branchMap":{"1":{"line":160,"type":"if","locations":[{"start":{"line":160,"column":8},"end":{"line":160,"column":8}},{"start":{"line":160,"column":8},"end":{"line":160,"column":8}}]},"2":{"line":160,"type":"binary-expr","locations":[{"start":{"line":160,"column":12},"end":{"line":160,"column":40}},{"start":{"line":160,"column":44},"end":{"line":160,"column":79}}]}}},"/Users/steve/src/image-factory/index.js":{"path":"/Users/steve/src/image-factory/index.js","s":{"1":1,"2":1,"3":1,"4":1,"5":1,"6":1,"7":13,"8":13,"9":13,"10":13,"11":13,"12":13,"13":1,"14":5,"15":5,"16":1,"17":3,"18":1,"19":1,"20":1,"21":2,"22":2,"23":1,"24":2,"25":2,"26":13,"27":13,"28":1,"29":12,"30":12,"31":12,"32":2,"33":10,"34":3,"35":3,"36":3,"37":7,"38":4,"39":3,"40":3,"41":1,"42":3,"43":2,"44":2,"45":1,"46":1,"47":64,"48":28,"49":36,"50":36,"51":36,"52":27,"53":1,"54":32,"55":32,"56":32,"57":28,"58":32,"59":34,"60":1,"61":33,"62":3,"63":30,"64":2,"65":28,"66":2,"67":26,"68":2,"69":24,"70":21,"71":24,"72":24,"73":17,"74":17,"75":17,"76":17,"77":2,"78":15,"79":1,"80":14,"81":10,"82":14,"83":28,"84":13,"85":15,"86":1,"87":1,"88":14,"89":27,"90":13,"91":14,"92":1,"93":13,"94":13,"95":1,"96":12,"97":10,"98":12,"99":2,"100":12,"101":1,"102":1},"b":{"1":[1,2],"2":[3,2],"3":[1,12],"4":[2,10],"5":[12,2,1],"6":[3,7],"7":[4,3],"8":[3,1],"9":[2,1],"10":[28,36],"11":[27,9],"12":[28,4],"13":[1,33],"14":[3,30],"15":[33,31],"16":[2,28],"17":[30,29],"18":[2,26],"19":[28,27],"20":[2,24],"21":[26,25],"22":[21,3],"23":[3,21],"24":[3,21],"25":[10,14],"26":[9,15],"27":[2,15],"28":[17,16],"29":[1,14],"30":[10,4],"31":[13,15],"32":[1,14],"33":[13,14],"34":[1,13],"35":[14,1],"36":[1,12],"37":[10,2],"38":[2,10]},"f":{"1":1,"2":13,"3":5,"4":5,"5":3,"6":1,"7":2,"8":2,"9":2,"10":13,"11":64,"12":32,"13":17,"14":28,"15":27,"16":13},"fnMap":{"1":{"name":"(anonymous_1)","line":6,"loc":{"start":{"line":6,"column":20},"end":{"line":6,"column":32}}},"2":{"name":"run","line":13,"loc":{"start":{"line":13,"column":2},"end":{"line":13,"column":45}}},"3":{"name":"resize","line":32,"loc":{"start":{"line":32,"column":4},"end":{"line":32,"column":22}}},"4":{"name":"(anonymous_4)","line":33,"loc":{"start":{"line":33,"column":34},"end":{"line":33,"column":48}}},"5":{"name":"crop","line":38,"loc":{"start":{"line":38,"column":4},"end":{"line":38,"column":20}}},"6":{"name":"(anonymous_6)","line":43,"loc":{"start":{"line":43,"column":34},"end":{"line":43,"column":48}}},"7":{"name":"(anonymous_7)","line":47,"loc":{"start":{"line":47,"column":34},"end":{"line":47,"column":48}}},"8":{"name":"copy","line":53,"loc":{"start":{"line":53,"column":4},"end":{"line":53,"column":20}}},"9":{"name":"(anonymous_9)","line":55,"loc":{"start":{"line":55,"column":47},"end":{"line":55,"column":61}}},"10":{"name":"(anonymous_10)","line":62,"loc":{"start":{"line":62,"column":37},"end":{"line":62,"column":61}}},"11":{"name":"(anonymous_11)","line":106,"loc":{"start":{"line":106,"column":15},"end":{"line":106,"column":39}}},"12":{"name":"(anonymous_12)","line":127,"loc":{"start":{"line":127,"column":9},"end":{"line":127,"column":36}}},"13":{"name":"(anonymous_13)","line":182,"loc":{"start":{"line":182,"column":13},"end":{"line":182,"column":47}}},"14":{"name":"outer","line":204,"loc":{"start":{"line":204,"column":7},"end":{"line":204,"column":26}}},"15":{"name":"inner","line":217,"loc":{"start":{"line":217,"column":9},"end":{"line":217,"column":28}}},"16":{"name":"(anonymous_16)","line":229,"loc":{"start":{"line":229,"column":53},"end":{"line":229,"column":83}}}},"statementMap":{"1":{"start":{"line":1,"column":0},"end":{"line":1,"column":41}},"2":{"start":{"line":2,"column":0},"end":{"line":2,"column":38}},"3":{"start":{"line":6,"column":0},"end":{"line":254,"column":5}},"4":{"start":{"line":9,"column":2},"end":{"line":9,"column":28}},"5":{"start":{"line":10,"column":2},"end":{"line":10,"column":33}},"6":{"start":{"line":13,"column":2},"end":{"line":103,"column":3}},"7":{"start":{"line":15,"column":4},"end":{"line":15,"column":72}},"8":{"start":{"line":16,"column":4},"end":{"line":16,"column":47}},"9":{"start":{"line":17,"column":4},"end":{"line":17,"column":64}},"10":{"start":{"line":18,"column":4},"end":{"line":18,"column":42}},"11":{"start":{"line":21,"column":4},"end":{"line":26,"column":6}},"12":{"start":{"line":29,"column":4},"end":{"line":29,"column":113}},"13":{"start":{"line":32,"column":4},"end":{"line":36,"column":5}},"14":{"start":{"line":33,"column":6},"end":{"line":35,"column":9}},"15":{"start":{"line":34,"column":8},"end":{"line":34,"column":31}},"16":{"start":{"line":38,"column":4},"end":{"line":51,"column":5}},"17":{"start":{"line":40,"column":6},"end":{"line":50,"column":7}},"18":{"start":{"line":41,"column":8},"end":{"line":41,"column":119}},"19":{"start":{"line":43,"column":8},"end":{"line":45,"column":11}},"20":{"start":{"line":44,"column":10},"end":{"line":44,"column":33}},"21":{"start":{"line":47,"column":8},"end":{"line":49,"column":11}},"22":{"start":{"line":48,"column":10},"end":{"line":48,"column":33}},"23":{"start":{"line":53,"column":4},"end":{"line":58,"column":5}},"24":{"start":{"line":55,"column":6},"end":{"line":57,"column":9}},"25":{"start":{"line":56,"column":8},"end":{"line":56,"column":31}},"26":{"start":{"line":62,"column":4},"end":{"line":102,"column":7}},"27":{"start":{"line":63,"column":6},"end":{"line":63,"column":40}},"28":{"start":{"line":63,"column":17},"end":{"line":63,"column":38}},"29":{"start":{"line":66,"column":6},"end":{"line":66,"column":70}},"30":{"start":{"line":67,"column":6},"end":{"line":67,"column":63}},"31":{"start":{"line":70,"column":6},"end":{"line":72,"column":7}},"32":{"start":{"line":71,"column":8},"end":{"line":71,"column":134}},"33":{"start":{"line":75,"column":6},"end":{"line":79,"column":7}},"34":{"start":{"line":76,"column":8},"end":{"line":76,"column":42}},"35":{"start":{"line":77,"column":8},"end":{"line":77,"column":44}},"36":{"start":{"line":78,"column":8},"end":{"line":78,"column":22}},"37":{"start":{"line":81,"column":6},"end":{"line":101,"column":7}},"38":{"start":{"line":83,"column":8},"end":{"line":90,"column":9}},"39":{"start":{"line":85,"column":10},"end":{"line":85,"column":44}},"40":{"start":{"line":86,"column":10},"end":{"line":86,"column":19}},"41":{"start":{"line":89,"column":10},"end":{"line":89,"column":17}},"42":{"start":{"line":93,"column":8},"end":{"line":100,"column":9}},"43":{"start":{"line":95,"column":10},"end":{"line":95,"column":46}},"44":{"start":{"line":96,"column":10},"end":{"line":96,"column":19}},"45":{"start":{"line":99,"column":10},"end":{"line":99,"column":17}},"46":{"start":{"line":106,"column":2},"end":{"line":120,"column":4}},"47":{"start":{"line":108,"column":4},"end":{"line":110,"column":5}},"48":{"start":{"line":109,"column":6},"end":{"line":109,"column":44}},"49":{"start":{"line":113,"column":4},"end":{"line":113,"column":27}},"50":{"start":{"line":114,"column":4},"end":{"line":114,"column":19}},"51":{"start":{"line":117,"column":4},"end":{"line":119,"column":5}},"52":{"start":{"line":118,"column":6},"end":{"line":118,"column":29}},"53":{"start":{"line":123,"column":2},"end":{"line":250,"column":4}},"54":{"start":{"line":128,"column":6},"end":{"line":128,"column":12}},"55":{"start":{"line":129,"column":6},"end":{"line":129,"column":14}},"56":{"start":{"line":132,"column":6},"end":{"line":134,"column":7}},"57":{"start":{"line":133,"column":8},"end":{"line":133,"column":44}},"58":{"start":{"line":137,"column":6},"end":{"line":178,"column":7}},"59":{"start":{"line":139,"column":8},"end":{"line":141,"column":9}},"60":{"start":{"line":140,"column":10},"end":{"line":140,"column":19}},"61":{"start":{"line":143,"column":8},"end":{"line":145,"column":9}},"62":{"start":{"line":144,"column":10},"end":{"line":144,"column":19}},"63":{"start":{"line":147,"column":8},"end":{"line":149,"column":9}},"64":{"start":{"line":148,"column":10},"end":{"line":148,"column":19}},"65":{"start":{"line":151,"column":8},"end":{"line":153,"column":9}},"66":{"start":{"line":152,"column":10},"end":{"line":152,"column":19}},"67":{"start":{"line":155,"column":8},"end":{"line":157,"column":9}},"68":{"start":{"line":156,"column":10},"end":{"line":156,"column":19}},"69":{"start":{"line":160,"column":8},"end":{"line":163,"column":9}},"70":{"start":{"line":162,"column":10},"end":{"line":162,"column":58}},"71":{"start":{"line":166,"column":8},"end":{"line":174,"column":11}},"72":{"start":{"line":177,"column":8},"end":{"line":177,"column":21}},"73":{"start":{"line":183,"column":6},"end":{"line":183,"column":22}},"74":{"start":{"line":184,"column":6},"end":{"line":184,"column":24}},"75":{"start":{"line":185,"column":6},"end":{"line":185,"column":22}},"76":{"start":{"line":187,"column":6},"end":{"line":190,"column":7}},"77":{"start":{"line":189,"column":8},"end":{"line":189,"column":15}},"78":{"start":{"line":192,"column":6},"end":{"line":195,"column":7}},"79":{"start":{"line":194,"column":8},"end":{"line":194,"column":66}},"80":{"start":{"line":198,"column":6},"end":{"line":200,"column":7}},"81":{"start":{"line":199,"column":8},"end":{"line":199,"column":26}},"82":{"start":{"line":204,"column":6},"end":{"line":248,"column":12}},"83":{"start":{"line":206,"column":8},"end":{"line":209,"column":9}},"84":{"start":{"line":208,"column":10},"end":{"line":208,"column":50}},"85":{"start":{"line":211,"column":8},"end":{"line":215,"column":9}},"86":{"start":{"line":213,"column":10},"end":{"line":213,"column":100}},"87":{"start":{"line":214,"column":10},"end":{"line":214,"column":28}},"88":{"start":{"line":217,"column":8},"end":{"line":247,"column":14}},"89":{"start":{"line":218,"column":10},"end":{"line":221,"column":11}},"90":{"start":{"line":220,"column":12},"end":{"line":220,"column":30}},"91":{"start":{"line":223,"column":10},"end":{"line":226,"column":11}},"92":{"start":{"line":225,"column":12},"end":{"line":225,"column":30}},"93":{"start":{"line":229,"column":10},"end":{"line":246,"column":13}},"94":{"start":{"line":230,"column":12},"end":{"line":232,"column":13}},"95":{"start":{"line":231,"column":14},"end":{"line":231,"column":35}},"96":{"start":{"line":234,"column":12},"end":{"line":237,"column":13}},"97":{"start":{"line":236,"column":14},"end":{"line":236,"column":32}},"98":{"start":{"line":239,"column":12},"end":{"line":242,"column":13}},"99":{"start":{"line":241,"column":14},"end":{"line":241,"column":37}},"100":{"start":{"line":245,"column":12},"end":{"line":245,"column":23}},"101":{"start":{"line":252,"column":2},"end":{"line":252,"column":16}},"102":{"start":{"line":257,"column":0},"end":{"line":257,"column":30}}},"branchMap":{"1":{"line":40,"type":"if","locations":[{"start":{"line":40,"column":6},"end":{"line":40,"column":6}},{"start":{"line":40,"column":6},"end":{"line":40,"column":6}}]},"2":{"line":40,"type":"binary-expr","locations":[{"start":{"line":40,"column":10},"end":{"line":40,"column":20}},{"start":{"line":40,"column":24},"end":{"line":40,"column":62}}]},"3":{"line":63,"type":"if","locations":[{"start":{"line":63,"column":6},"end":{"line":63,"column":6}},{"start":{"line":63,"column":6},"end":{"line":63,"column":6}}]},"4":{"line":70,"type":"if","locations":[{"start":{"line":70,"column":6},"end":{"line":70,"column":6}},{"start":{"line":70,"column":6},"end":{"line":70,"column":6}}]},"5":{"line":70,"type":"binary-expr","locations":[{"start":{"line":70,"column":10},"end":{"line":70,"column":28}},{"start":{"line":70,"column":33},"end":{"line":70,"column":67}},{"start":{"line":70,"column":71},"end":{"line":70,"column":107}}]},"6":{"line":75,"type":"if","locations":[{"start":{"line":75,"column":6},"end":{"line":75,"column":6}},{"start":{"line":75,"column":6},"end":{"line":75,"column":6}}]},"7":{"line":81,"type":"if","locations":[{"start":{"line":81,"column":6},"end":{"line":81,"column":6}},{"start":{"line":81,"column":6},"end":{"line":81,"column":6}}]},"8":{"line":83,"type":"if","locations":[{"start":{"line":83,"column":8},"end":{"line":83,"column":8}},{"start":{"line":83,"column":8},"end":{"line":83,"column":8}}]},"9":{"line":93,"type":"if","locations":[{"start":{"line":93,"column":8},"end":{"line":93,"column":8}},{"start":{"line":93,"column":8},"end":{"line":93,"column":8}}]},"10":{"line":108,"type":"if","locations":[{"start":{"line":108,"column":4},"end":{"line":108,"column":4}},{"start":{"line":108,"column":4},"end":{"line":108,"column":4}}]},"11":{"line":117,"type":"if","locations":[{"start":{"line":117,"column":4},"end":{"line":117,"column":4}},{"start":{"line":117,"column":4},"end":{"line":117,"column":4}}]},"12":{"line":132,"type":"if","locations":[{"start":{"line":132,"column":6},"end":{"line":132,"column":6}},{"start":{"line":132,"column":6},"end":{"line":132,"column":6}}]},"13":{"line":139,"type":"if","locations":[{"start":{"line":139,"column":8},"end":{"line":139,"column":8}},{"start":{"line":139,"column":8},"end":{"line":139,"column":8}}]},"14":{"line":143,"type":"if","locations":[{"start":{"line":143,"column":8},"end":{"line":143,"column":8}},{"start":{"line":143,"column":8},"end":{"line":143,"column":8}}]},"15":{"line":143,"type":"binary-expr","locations":[{"start":{"line":143,"column":12},"end":{"line":143,"column":43}},{"start":{"line":143,"column":47},"end":{"line":143,"column":90}}]},"16":{"line":147,"type":"if","locations":[{"start":{"line":147,"column":8},"end":{"line":147,"column":8}},{"start":{"line":147,"column":8},"end":{"line":147,"column":8}}]},"17":{"line":147,"type":"binary-expr","locations":[{"start":{"line":147,"column":12},"end":{"line":147,"column":44}},{"start":{"line":147,"column":48},"end":{"line":147,"column":92}}]},"18":{"line":151,"type":"if","locations":[{"start":{"line":151,"column":8},"end":{"line":151,"column":8}},{"start":{"line":151,"column":8},"end":{"line":151,"column":8}}]},"19":{"line":151,"type":"binary-expr","locations":[{"start":{"line":151,"column":12},"end":{"line":151,"column":45}},{"start":{"line":151,"column":49},"end":{"line":151,"column":94}}]},"20":{"line":155,"type":"if","locations":[{"start":{"line":155,"column":8},"end":{"line":155,"column":8}},{"start":{"line":155,"column":8},"end":{"line":155,"column":8}}]},"21":{"line":155,"type":"binary-expr","locations":[{"start":{"line":155,"column":12},"end":{"line":155,"column":44}},{"start":{"line":155,"column":48},"end":{"line":155,"column":92}}]},"22":{"line":160,"type":"if","locations":[{"start":{"line":160,"column":8},"end":{"line":160,"column":8}},{"start":{"line":160,"column":8},"end":{"line":160,"column":8}}]},"23":{"line":170,"type":"cond-expr","locations":[{"start":{"line":170,"column":53},"end":{"line":170,"column":79}},{"start":{"line":170,"column":82},"end":{"line":170,"column":97}}]},"24":{"line":171,"type":"cond-expr","locations":[{"start":{"line":171,"column":53},"end":{"line":171,"column":79}},{"start":{"line":171,"column":82},"end":{"line":171,"column":97}}]},"25":{"line":172,"type":"cond-expr","locations":[{"start":{"line":172,"column":47},"end":{"line":172,"column":70}},{"start":{"line":172,"column":73},"end":{"line":172,"column":78}}]},"26":{"line":173,"type":"cond-expr","locations":[{"start":{"line":173,"column":49},"end":{"line":173,"column":73}},{"start":{"line":173,"column":76},"end":{"line":173,"column":80}}]},"27":{"line":187,"type":"if","locations":[{"start":{"line":187,"column":6},"end":{"line":187,"column":6}},{"start":{"line":187,"column":6},"end":{"line":187,"column":6}}]},"28":{"line":187,"type":"binary-expr","locations":[{"start":{"line":187,"column":10},"end":{"line":187,"column":19}},{"start":{"line":187,"column":23},"end":{"line":187,"column":53}}]},"29":{"line":192,"type":"if","locations":[{"start":{"line":192,"column":6},"end":{"line":192,"column":6}},{"start":{"line":192,"column":6},"end":{"line":192,"column":6}}]},"30":{"line":198,"type":"if","locations":[{"start":{"line":198,"column":6},"end":{"line":198,"column":6}},{"start":{"line":198,"column":6},"end":{"line":198,"column":6}}]},"31":{"line":206,"type":"if","locations":[{"start":{"line":206,"column":8},"end":{"line":206,"column":8}},{"start":{"line":206,"column":8},"end":{"line":206,"column":8}}]},"32":{"line":211,"type":"if","locations":[{"start":{"line":211,"column":8},"end":{"line":211,"column":8}},{"start":{"line":211,"column":8},"end":{"line":211,"column":8}}]},"33":{"line":218,"type":"if","locations":[{"start":{"line":218,"column":10},"end":{"line":218,"column":10}},{"start":{"line":218,"column":10},"end":{"line":218,"column":10}}]},"34":{"line":223,"type":"if","locations":[{"start":{"line":223,"column":10},"end":{"line":223,"column":10}},{"start":{"line":223,"column":10},"end":{"line":223,"column":10}}]},"35":{"line":223,"type":"binary-expr","locations":[{"start":{"line":223,"column":14},"end":{"line":223,"column":35}},{"start":{"line":223,"column":39},"end":{"line":223,"column":104}}]},"36":{"line":230,"type":"if","locations":[{"start":{"line":230,"column":12},"end":{"line":230,"column":12}},{"start":{"line":230,"column":12},"end":{"line":230,"column":12}}]},"37":{"line":234,"type":"if","locations":[{"start":{"line":234,"column":12},"end":{"line":234,"column":12}},{"start":{"line":234,"column":12},"end":{"line":234,"column":12}}]},"38":{"line":239,"type":"if","locations":[{"start":{"line":239,"column":12},"end":{"line":239,"column":12}},{"start":{"line":239,"column":12},"end":{"line":239,"column":12}}]}}}}