TN:
SF:/Users/steve/src/image-factory/spec/tests.spec.js
FN:6,(anonymous_1)
FN:9,(anonymous_2)
FN:16,(anonymous_3)
FN:25,(anonymous_4)
FN:34,(anonymous_5)
FN:39,(anonymous_6)
FN:44,(anonymous_7)
FN:49,(anonymous_8)
FN:55,(anonymous_9)
FN:61,(anonymous_10)
FN:67,(anonymous_11)
FN:75,(anonymous_12)
FN:78,(anonymous_13)
FN:83,(anonymous_14)
FN:89,(anonymous_15)
FN:94,(anonymous_16)
FN:99,(anonymous_17)
FN:104,(anonymous_18)
FN:109,(anonymous_19)
FN:114,(anonymous_20)
FN:119,(anonymous_21)
FN:124,(anonymous_22)
FN:131,(anonymous_23)
FN:134,(anonymous_24)
FN:139,(anonymous_25)
FN:144,(anonymous_26)
FN:146,(anonymous_27)
FN:151,(anonymous_28)
FN:155,(anonymous_29)
FN:157,(anonymous_30)
FN:171,(anonymous_31)
FN:175,(anonymous_32)
FN:180,(anonymous_33)
FN:188,(anonymous_34)
FN:192,(anonymous_35)
FN:200,(anonymous_36)
FN:204,(anonymous_37)
FN:213,(anonymous_38)
FN:217,(anonymous_39)
FN:223,(anonymous_40)
FN:227,(anonymous_41)
FN:232,(anonymous_42)
FN:236,(anonymous_43)
FN:246,(anonymous_44)
FN:250,(anonymous_45)
FN:255,(anonymous_46)
FN:264,(anonymous_47)
FN:268,(anonymous_48)
FN:273,(anonymous_49)
FN:282,(anonymous_50)
FN:286,(anonymous_51)
FN:291,(anonymous_52)
FN:299,(anonymous_53)
FN:303,(anonymous_54)
FN:308,(anonymous_55)
FN:316,(anonymous_56)
FN:320,(anonymous_57)
FN:325,(anonymous_58)
FN:332,(anonymous_59)
FN:336,(anonymous_60)
FN:341,(anonymous_61)
FN:348,(anonymous_62)
FN:352,(anonymous_63)
FN:357,(anonymous_64)
FN:365,(anonymous_65)
FN:369,(anonymous_66)
FN:374,(anonymous_67)
FN:382,(anonymous_68)
FN:386,(anonymous_69)
FN:391,(anonymous_70)
FNF:70
FNH:70
FNDA:1,(anonymous_1)
FNDA:1,(anonymous_2)
FNDA:1,(anonymous_3)
FNDA:1,(anonymous_4)
FNDA:1,(anonymous_5)
FNDA:1,(anonymous_6)
FNDA:1,(anonymous_7)
FNDA:1,(anonymous_8)
FNDA:1,(anonymous_9)
FNDA:1,(anonymous_10)
FNDA:1,(anonymous_11)
FNDA:1,(anonymous_12)
FNDA:1,(anonymous_13)
FNDA:1,(anonymous_14)
FNDA:1,(anonymous_15)
FNDA:1,(anonymous_16)
FNDA:1,(anonymous_17)
FNDA:1,(anonymous_18)
FNDA:1,(anonymous_19)
FNDA:1,(anonymous_20)
FNDA:1,(anonymous_21)
FNDA:1,(anonymous_22)
FNDA:1,(anonymous_23)
FNDA:1,(anonymous_24)
FNDA:1,(anonymous_25)
FNDA:1,(anonymous_26)
FNDA:1,(anonymous_27)
FNDA:1,(anonymous_28)
FNDA:14,(anonymous_29)
FNDA:14,(anonymous_30)
FNDA:1,(anonymous_31)
FNDA:1,(anonymous_32)
FNDA:1,(anonymous_33)
FNDA:1,(anonymous_34)
FNDA:1,(anonymous_35)
FNDA:1,(anonymous_36)
FNDA:1,(anonymous_37)
FNDA:1,(anonymous_38)
FNDA:1,(anonymous_39)
FNDA:1,(anonymous_40)
FNDA:1,(anonymous_41)
FNDA:1,(anonymous_42)
FNDA:1,(anonymous_43)
FNDA:1,(anonymous_44)
FNDA:1,(anonymous_45)
FNDA:1,(anonymous_46)
FNDA:1,(anonymous_47)
FNDA:1,(anonymous_48)
FNDA:1,(anonymous_49)
FNDA:1,(anonymous_50)
FNDA:1,(anonymous_51)
FNDA:1,(anonymous_52)
FNDA:1,(anonymous_53)
FNDA:1,(anonymous_54)
FNDA:1,(anonymous_55)
FNDA:1,(anonymous_56)
FNDA:1,(anonymous_57)
FNDA:1,(anonymous_58)
FNDA:1,(anonymous_59)
FNDA:1,(anonymous_60)
FNDA:1,(anonymous_61)
FNDA:1,(anonymous_62)
FNDA:1,(anonymous_63)
FNDA:1,(anonymous_64)
FNDA:1,(anonymous_65)
FNDA:1,(anonymous_66)
FNDA:1,(anonymous_67)
FNDA:1,(anonymous_68)
FNDA:1,(anonymous_69)
FNDA:1,(anonymous_70)
DA:1,1
DA:2,1
DA:6,1
DA:9,1
DA:10,1
DA:11,1
DA:12,1
DA:13,1
DA:16,1
DA:17,1
DA:18,1
DA:19,1
DA:20,1
DA:25,1
DA:28,1
DA:29,1
DA:30,1
DA:31,1
DA:34,1
DA:35,1
DA:36,1
DA:39,1
DA:40,1
DA:41,1
DA:44,1
DA:45,1
DA:46,1
DA:49,1
DA:50,1
DA:51,1
DA:52,1
DA:55,1
DA:56,1
DA:57,1
DA:58,1
DA:61,1
DA:62,1
DA:63,1
DA:64,1
DA:67,1
DA:68,1
DA:69,1
DA:70,1
DA:75,1
DA:78,1
DA:79,1
DA:80,1
DA:83,1
DA:84,1
DA:85,1
DA:86,1
DA:89,1
DA:90,1
DA:91,1
DA:94,1
DA:95,1
DA:96,1
DA:99,1
DA:100,1
DA:101,1
DA:104,1
DA:105,1
DA:106,1
DA:109,1
DA:110,1
DA:111,1
DA:114,1
DA:115,1
DA:116,1
DA:119,1
DA:120,1
DA:121,1
DA:124,1
DA:125,1
DA:126,1
DA:131,1
DA:134,1
DA:135,1
DA:136,1
DA:139,1
DA:140,1
DA:141,1
DA:144,1
DA:145,1
DA:146,1
DA:151,1
DA:153,1
DA:155,1
DA:157,14
DA:159,14
DA:160,94
DA:162,10
DA:166,14
DA:171,1
DA:172,1
DA:173,1
DA:175,1
DA:176,1
DA:177,1
DA:178,1
DA:180,1
DA:181,1
DA:182,1
DA:183,1
DA:188,1
DA:189,1
DA:190,1
DA:192,1
DA:193,1
DA:194,1
DA:195,1
DA:196,1
DA:200,1
DA:201,1
DA:202,1
DA:204,1
DA:205,1
DA:206,1
DA:207,1
DA:208,1
DA:213,1
DA:214,1
DA:215,1
DA:217,1
DA:218,1
DA:219,1
DA:223,1
DA:224,1
DA:225,1
DA:227,1
DA:228,1
DA:229,1
DA:230,1
DA:232,1
DA:233,1
DA:234,1
DA:236,1
DA:237,1
DA:238,1
DA:239,1
DA:246,1
DA:247,1
DA:248,1
DA:250,1
DA:251,1
DA:252,1
DA:253,1
DA:255,1
DA:256,1
DA:257,1
DA:258,1
DA:264,1
DA:265,1
DA:266,1
DA:268,1
DA:269,1
DA:270,1
DA:271,1
DA:273,1
DA:274,1
DA:275,1
DA:276,1
DA:282,1
DA:283,1
DA:284,1
DA:286,1
DA:287,1
DA:288,1
DA:289,1
DA:291,1
DA:292,1
DA:293,1
DA:294,1
DA:299,1
DA:300,1
DA:301,1
DA:303,1
DA:304,1
DA:305,1
DA:306,1
DA:308,1
DA:309,1
DA:310,1
DA:311,1
DA:316,1
DA:317,1
DA:318,1
DA:320,1
DA:321,1
DA:322,1
DA:323,1
DA:325,1
DA:326,1
DA:327,1
DA:332,1
DA:333,1
DA:334,1
DA:336,1
DA:337,1
DA:338,1
DA:339,1
DA:341,1
DA:342,1
DA:343,1
DA:348,1
DA:349,1
DA:350,1
DA:352,1
DA:353,1
DA:354,1
DA:355,1
DA:357,1
DA:358,1
DA:359,1
DA:360,1
DA:365,1
DA:366,1
DA:367,1
DA:369,1
DA:370,1
DA:371,1
DA:372,1
DA:374,1
DA:375,1
DA:376,1
DA:377,1
DA:382,1
DA:383,1
DA:384,1
DA:386,1
DA:387,1
DA:388,1
DA:389,1
DA:391,1
DA:392,1
DA:393,1
DA:394,1
LF:237
LH:237
BRDA:160,1,0,10
BRDA:160,1,1,84
BRDA:160,2,0,94
BRDA:160,2,1,38
BRF:4
BRH:4
end_of_record
TN:
SF:/Users/steve/src/image-factory/index.js
FN:6,(anonymous_1)
FN:13,run
FN:30,resize
FN:31,(anonymous_4)
FN:36,crop
FN:41,(anonymous_6)
FN:45,(anonymous_7)
FN:51,copy
FN:52,(anonymous_9)
FN:59,(anonymous_10)
FN:103,(anonymous_11)
FN:124,(anonymous_12)
FN:178,(anonymous_13)
FN:198,outer
FN:211,inner
FN:222,(anonymous_16)
FNF:16
FNH:16
FNDA:1,(anonymous_1)
FNDA:13,run
FNDA:5,resize
FNDA:5,(anonymous_4)
FNDA:3,crop
FNDA:1,(anonymous_6)
FNDA:2,(anonymous_7)
FNDA:2,copy
FNDA:2,(anonymous_9)
FNDA:13,(anonymous_10)
FNDA:64,(anonymous_11)
FNDA:32,(anonymous_12)
FNDA:17,(anonymous_13)
FNDA:28,outer
FNDA:27,inner
FNDA:13,(anonymous_16)
DA:1,1
DA:2,1
DA:6,1
DA:9,1
DA:10,1
DA:13,1
DA:15,13
DA:16,13
DA:17,13
DA:18,13
DA:21,13
DA:28,13
DA:30,1
DA:31,5
DA:32,5
DA:36,1
DA:38,3
DA:39,1
DA:41,1
DA:42,1
DA:45,2
DA:46,2
DA:51,1
DA:52,2
DA:53,2
DA:59,13
DA:60,13
DA:63,12
DA:64,12
DA:67,12
DA:68,2
DA:72,10
DA:73,3
DA:74,3
DA:75,3
DA:78,7
DA:80,4
DA:82,3
DA:83,3
DA:86,1
DA:90,3
DA:92,2
DA:93,2
DA:96,1
DA:103,1
DA:105,64
DA:106,28
DA:110,36
DA:111,36
DA:114,36
DA:115,27
DA:120,1
DA:125,32
DA:126,32
DA:129,32
DA:130,28
DA:134,32
DA:136,34
DA:137,1
DA:140,33
DA:141,3
DA:144,30
DA:145,2
DA:148,28
DA:149,2
DA:152,26
DA:153,2
DA:157,24
DA:159,21
DA:163,24
DA:173,24
DA:179,17
DA:180,17
DA:181,17
DA:183,17
DA:185,2
DA:188,15
DA:189,1
DA:193,14
DA:194,10
DA:198,14
DA:200,28
DA:202,13
DA:205,15
DA:207,1
DA:208,1
DA:211,14
DA:212,27
DA:214,13
DA:217,14
DA:219,1
DA:222,13
DA:223,13
DA:224,1
DA:227,12
DA:228,10
DA:231,12
DA:233,2
DA:237,12
DA:244,1
DA:249,1
LF:101
LH:101
BRDA:38,1,0,1
BRDA:38,1,1,2
BRDA:38,2,0,3
BRDA:38,2,1,2
BRDA:60,3,0,1
BRDA:60,3,1,12
BRDA:67,4,0,2
BRDA:67,4,1,10
BRDA:67,5,0,12
BRDA:67,5,1,2
BRDA:67,5,2,1
BRDA:72,6,0,3
BRDA:72,6,1,7
BRDA:78,7,0,4
BRDA:78,7,1,3
BRDA:80,8,0,3
BRDA:80,8,1,1
BRDA:90,9,0,2
BRDA:90,9,1,1
BRDA:105,10,0,28
BRDA:105,10,1,36
BRDA:114,11,0,27
BRDA:114,11,1,9
BRDA:129,12,0,28
BRDA:129,12,1,4
BRDA:136,13,0,1
BRDA:136,13,1,33
BRDA:140,14,0,3
BRDA:140,14,1,30
BRDA:140,15,0,33
BRDA:140,15,1,31
BRDA:144,16,0,2
BRDA:144,16,1,28
BRDA:144,17,0,30
BRDA:144,17,1,29
BRDA:148,18,0,2
BRDA:148,18,1,26
BRDA:148,19,0,28
BRDA:148,19,1,27
BRDA:152,20,0,2
BRDA:152,20,1,24
BRDA:152,21,0,26
BRDA:152,21,1,25
BRDA:157,22,0,21
BRDA:157,22,1,3
BRDA:167,23,0,3
BRDA:167,23,1,21
BRDA:168,24,0,3
BRDA:168,24,1,21
BRDA:169,25,0,10
BRDA:169,25,1,14
BRDA:170,26,0,9
BRDA:170,26,1,15
BRDA:183,27,0,2
BRDA:183,27,1,15
BRDA:183,28,0,17
BRDA:183,28,1,16
BRDA:188,29,0,1
BRDA:188,29,1,14
BRDA:193,30,0,10
BRDA:193,30,1,4
BRDA:200,31,0,13
BRDA:200,31,1,15
BRDA:205,32,0,1
BRDA:205,32,1,14
BRDA:212,33,0,13
BRDA:212,33,1,14
BRDA:217,34,0,1
BRDA:217,34,1,13
BRDA:217,35,0,14
BRDA:217,35,1,1
BRDA:223,36,0,1
BRDA:223,36,1,12
BRDA:227,37,0,10
BRDA:227,37,1,2
BRDA:231,38,0,2
BRDA:231,38,1,10
BRF:77
BRH:77
end_of_record
